<?xml version="1.0" encoding="UTF-8"?>
<!-- Generated by org.testng.reporters.JUnitXMLReporter -->
<testsuite ignored="0" hostname="DESKTOP-1QASA0A" failures="0" tests="2" name="Default test" time="78.089" errors="0" timestamp="2020-05-12T19:08:29 IST">
  <testcase classname="com.MMT.qa.testcases.TravellerAddOnPageMMTTest" name="validatePassengerData" time="11.876"/>
  <testcase classname="com.MMT.qa.testcases.TravellerAddOnPageMMTTest" name="validateNextBtnClick" time="5.212"/>
</testsuite> <!-- Default test -->
