<?xml version="1.0" encoding="UTF-8" ?>
<testsuite tests="18" failures="1" name="TestSuite" time="617.136" errors="0" skipped="17">
  <properties>
[...]
</properties>
  <testcase classname="com.MMT.qa.testcases.FlightSummaryPageMMTTest" name="setUp" time="154.263">
    <failure message="timeout: Timed out receiving message from renderer: 23.185
  (Session info: chrome=83.0.4103.61)
Build info: version: &apos;3.141.59&apos;, revision: &apos;e82be7d358&apos;, time: &apos;2018-11-14T08:17:03&apos;
System info: host: &apos;DESKTOP-1QASA0A&apos;, ip: &apos;192.168.1.129&apos;, os.name: &apos;Windows 10&apos;, os.arch: &apos;amd64&apos;, os.version: &apos;10.0&apos;, java.version: &apos;14&apos;
Driver info: org.openqa.selenium.chrome.ChromeDriver
Capabilities {acceptInsecureCerts: false, browserName: chrome, browserVersion: 83.0.4103.61, chrome: {chromedriverVersion: 83.0.4103.39 (ccbf011cb2d2b..., userDataDir: C:\WINDOWS\TEMP\scoped_dir9...}, goog:chromeOptions: {debuggerAddress: localhost:61767}, javascriptEnabled: true, networkConnectionEnabled: false, pageLoadStrategy: normal, platform: WINDOWS, platformName: WINDOWS, proxy: Proxy(), setWindowRect: true, strictFileInteractability: false, timeouts: {implicit: 0, pageLoad: 300000, script: 30000}, unhandledPromptBehavior: dismiss and notify, webauthn:virtualAuthenticators: true}
Session ID: 9b2aa6ea306c642a650970585d440d07" type="org.openqa.selenium.TimeoutException">org.openqa.selenium.TimeoutException: timeout: Timed out receiving message from renderer: 23.185
  (Session info: chrome=83.0.4103.61)
Build info: version: &apos;3.141.59&apos;, revision: &apos;e82be7d358&apos;, time: &apos;2018-11-14T08:17:03&apos;
System info: host: &apos;DESKTOP-1QASA0A&apos;, ip: &apos;192.168.1.129&apos;, os.name: &apos;Windows 10&apos;, os.arch: &apos;amd64&apos;, os.version: &apos;10.0&apos;, java.version: &apos;14&apos;
Driver info: org.openqa.selenium.chrome.ChromeDriver
Capabilities {acceptInsecureCerts: false, browserName: chrome, browserVersion: 83.0.4103.61, chrome: {chromedriverVersion: 83.0.4103.39 (ccbf011cb2d2b..., userDataDir: C:\WINDOWS\TEMP\scoped_dir9...}, goog:chromeOptions: {debuggerAddress: localhost:61767}, javascriptEnabled: true, networkConnectionEnabled: false, pageLoadStrategy: normal, platform: WINDOWS, platformName: WINDOWS, proxy: Proxy(), setWindowRect: true, strictFileInteractability: false, timeouts: {implicit: 0, pageLoad: 300000, script: 30000}, unhandledPromptBehavior: dismiss and notify, webauthn:virtualAuthenticators: true}
Session ID: 9b2aa6ea306c642a650970585d440d07
	at java.base/jdk.internal.reflect.NativeConstructorAccessorImpl.newInstance0(Native Method)
	at java.base/jdk.internal.reflect.NativeConstructorAccessorImpl.newInstance(NativeConstructorAccessorImpl.java:62)
	at java.base/jdk.internal.reflect.DelegatingConstructorAccessorImpl.newInstance(DelegatingConstructorAccessorImpl.java:45)
	at java.base/java.lang.reflect.Constructor.newInstanceWithCaller(Constructor.java:500)
	at java.base/java.lang.reflect.Constructor.newInstance(Constructor.java:481)
	at org.openqa.selenium.remote.http.W3CHttpResponseCodec.createException(W3CHttpResponseCodec.java:187)
	at org.openqa.selenium.remote.http.W3CHttpResponseCodec.decode(W3CHttpResponseCodec.java:122)
	at org.openqa.selenium.remote.http.W3CHttpResponseCodec.decode(W3CHttpResponseCodec.java:49)
	at org.openqa.selenium.remote.HttpCommandExecutor.execute(HttpCommandExecutor.java:158)
	at org.openqa.selenium.remote.service.DriverCommandExecutor.execute(DriverCommandExecutor.java:83)
	at org.openqa.selenium.remote.RemoteWebDriver.execute(RemoteWebDriver.java:552)
	at org.openqa.selenium.remote.RemoteWebDriver.get(RemoteWebDriver.java:277)
	at com.MMT.qa.base.TestBaseMMT.initialization(TestBaseMMT.java:52)
	at com.MMT.qa.testcases.FlightSummaryPageMMTTest.setUp(FlightSummaryPageMMTTest.java:30)
</failure>
    <system-out>Configuring TestNG with: org.apache.maven.surefire.testng.conf.TestNG652Configurator@d041cf
1
Mumbai, India
1
Tirupati, India
CDwindow-F8D70B1A34E49B422B8586AEA9F3E3EA
CDwindow-B42A68D38643DB2E8E0B873812F431B3
</system-out>
    <system-err>Starting ChromeDriver 83.0.4103.39 (ccbf011cb2d2b19b506d844400483861342c20cd-refs/branch-heads/4103@{#416}) on port 39201
Only local connections are allowed.
Please see https://chromedriver.chromium.org/security-considerations for suggestions on keeping ChromeDriver safe.
ChromeDriver was started successfully.
May 30, 2020 3:49:45 PM org.openqa.selenium.remote.ProtocolHandshake createSession
INFO: Detected dialect: W3C
Starting ChromeDriver 83.0.4103.39 (ccbf011cb2d2b19b506d844400483861342c20cd-refs/branch-heads/4103@{#416}) on port 11556
Only local connections are allowed.
Please see https://chromedriver.chromium.org/security-considerations for suggestions on keeping ChromeDriver safe.
ChromeDriver was started successfully.
May 30, 2020 3:51:18 PM org.openqa.selenium.remote.ProtocolHandshake createSession
INFO: Detected dialect: W3C
[1590834117.222][SEVERE]: Timed out receiving message from renderer: 23.185
[1590834117.256][SEVERE]: Timed out receiving message from renderer: 23.185
</system-err>
  </testcase>
  <testcase classname="com.MMT.qa.testcases.FlightsHomePageMMTTest" name="setUp" time="154.282">
    <skipped/>
  </testcase>
  <testcase classname="com.MMT.qa.testcases.SearchPageMMTTest" name="setUp" time="154.283">
    <skipped/>
  </testcase>
  <testcase classname="com.MMT.qa.testcases.TravellerAddOnPageMMTTest" name="setUp" time="154.283">
    <skipped/>
  </testcase>
  <testcase classname="com.MMT.qa.testcases.FlightsHomePageMMTTest" name="validateCitySelection" time="0.002">
    <skipped/>
  </testcase>
  <testcase classname="com.MMT.qa.testcases.SearchPageMMTTest" name="validateFareBtnClickTest" time="0">
    <skipped/>
  </testcase>
  <testcase classname="com.MMT.qa.testcases.SearchPageMMTTest" name="bookBtnClickTest" time="0">
    <skipped/>
  </testcase>
  <testcase classname="com.MMT.qa.testcases.BookingPageMMTTest" name="validateBookingPageContinueBtnClick" time="0.001">
    <skipped/>
  </testcase>
  <testcase classname="com.MMT.qa.testcases.FlightsHomePageMMTTest" name="validateDateSelection" time="0.001">
    <skipped/>
  </testcase>
  <testcase classname="com.MMT.qa.testcases.TravellerAddOnPageMMTTest" name="validatePassengerData" time="0">
    <skipped/>
  </testcase>
  <testcase classname="com.MMT.qa.testcases.TravellerAddOnPageMMTTest" name="validateNextBtnClick" time="0">
    <skipped/>
  </testcase>
  <testcase classname="com.MMT.qa.testcases.FlightSummaryPageMMTTest" name="validatePassengerData" time="0">
    <skipped/>
  </testcase>
  <testcase classname="com.MMT.qa.testcases.FlightSummaryPageMMTTest" name="validateContinueBtnClick" time="0">
    <skipped/>
  </testcase>
  <testcase classname="com.MMT.qa.testcases.BookingPageMMTTest" name="tearDown" time="0.002">
    <skipped/>
  </testcase>
  <testcase classname="com.MMT.qa.testcases.FlightSummaryPageMMTTest" name="tearDown" time="0.003">
    <skipped/>
  </testcase>
  <testcase classname="com.MMT.qa.testcases.FlightsHomePageMMTTest" name="tearDown" time="0.004">
    <skipped/>
  </testcase>
  <testcase classname="com.MMT.qa.testcases.SearchPageMMTTest" name="tearDown" time="0.005">
    <skipped/>
  </testcase>
  <testcase classname="com.MMT.qa.testcases.TravellerAddOnPageMMTTest" name="tearDown" time="0.007">
    <skipped/>
  </testcase>
</testsuite>