<?xml version="1.0" encoding="UTF-8"?>
<testng-results ignored="0" total="1" passed="1" failed="0" skipped="0">
  <reporter-output>
  </reporter-output>
  <suite started-at="2020-05-10T20:10:35 IST" name="Default suite" finished-at="2020-05-10T20:11:27 IST" duration-ms="51433">
    <groups>
    </groups>
    <test started-at="2020-05-10T20:10:35 IST" name="Default test" finished-at="2020-05-10T20:11:27 IST" duration-ms="51433">
      <class name="com.MMT.qa.testcases.BookingPageMMTTest">
        <test-method is-config="true" signature="setUp()[pri:0, instance:com.MMT.qa.testcases.BookingPageMMTTest@61dd025]" started-at="2020-05-10T20:10:35 IST" name="setUp" finished-at="2020-05-10T20:11:20 IST" duration-ms="44456" status="PASS">
          <reporter-output>
          </reporter-output>
        </test-method> <!-- setUp -->
        <test-method signature="validateBookingPageContinueBtnClick()[pri:0, instance:com.MMT.qa.testcases.BookingPageMMTTest@61dd025]" started-at="2020-05-10T20:11:20 IST" name="validateBookingPageContinueBtnClick" finished-at="2020-05-10T20:11:26 IST" duration-ms="6833" status="PASS">
          <reporter-output>
          </reporter-output>
        </test-method> <!-- validateBookingPageContinueBtnClick -->
        <test-method is-config="true" signature="tearDown()[pri:0, instance:com.MMT.qa.testcases.BookingPageMMTTest@61dd025]" started-at="2020-05-10T20:11:27 IST" name="tearDown" finished-at="2020-05-10T20:11:27 IST" duration-ms="1" status="PASS">
          <reporter-output>
          </reporter-output>
        </test-method> <!-- tearDown -->
      </class> <!-- com.MMT.qa.testcases.BookingPageMMTTest -->
    </test> <!-- Default test -->
  </suite> <!-- Default suite -->
</testng-results>
